<?xml version="1.0" encoding="UTF-8"?>
<!-- Generated by org.testng.reporters.JUnitReportReporter -->
<testsuite skipped="0" hostname="Raghu" name="cerbApplication.Cerb.TestCases" tests="1" failures="0" timestamp="2020-05-21T16:43:20 ADT" time="18.295" errors="0">
  <testcase name="dateselect" time="18.295" classname="cerbApplication.Cerb.TestCases"/>
  <system-out/>
</testsuite> <!-- cerbApplication.Cerb.TestCases -->
